[debug] [2021-06-15T20:01:49.268Z] ----------------------------------------------------------------------
[debug] [2021-06-15T20:01:49.269Z] Command:       C:\Program Files\nodejs\node.exe C:\Users\tpomo\AppData\Roaming\npm\node_modules\firebase-tools\lib\bin\firebase.js init
[debug] [2021-06-15T20:01:49.270Z] CLI Version:   9.12.1
[debug] [2021-06-15T20:01:49.270Z] Platform:      win32
[debug] [2021-06-15T20:01:49.270Z] Node Version:  v14.16.1
[debug] [2021-06-15T20:01:49.271Z] Time:          Tue Jun 15 2021 23:01:49 GMT+0300 (Eastern European Summer Time)
[debug] [2021-06-15T20:01:49.271Z] ----------------------------------------------------------------------
[debug] 
[debug] [2021-06-15T20:01:49.277Z] > command requires scopes: ["email","openid","https://www.googleapis.com/auth/cloudplatformprojects.readonly","https://www.googleapis.com/auth/firebase","https://www.googleapis.com/auth/cloud-platform"]
[debug] [2021-06-15T20:01:49.277Z] > authorizing via signed-in user (t.pomogaeva@gmail.com)
[info] 
     ######## #### ########  ######## ########     ###     ######  ########
     ##        ##  ##     ## ##       ##     ##  ##   ##  ##       ##
     ######    ##  ########  ######   ########  #########  ######  ######
     ##        ##  ##    ##  ##       ##     ## ##     ##       ## ##
     ##       #### ##     ## ######## ########  ##     ##  ######  ########

You're about to initialize a Firebase project in this directory:

  C:\Users\tpomo\Desktop\FE\react\netflix-clone

[info] 
=== Project Setup
[info] 
[info] First, let's associate this project directory with a Firebase project.
[info] You can create multiple project aliases by running firebase use --add, 
[info] but for now we'll just set up a default project.
[info] 
[debug] [2021-06-15T20:02:42.910Z] >>> [apiv2][query] GET https://firebase.googleapis.com/v1beta1/projects pageSize=100
[debug] [2021-06-15T20:02:43.272Z] <<< [apiv2][status] GET https://firebase.googleapis.com/v1beta1/projects 200
[debug] [2021-06-15T20:02:43.272Z] <<< [apiv2][body] GET https://firebase.googleapis.com/v1beta1/projects [omitted]
[info] i  Using project netflix-clone-64c6f (netflix-clone) 
[info] 
=== Hosting Setup
[info] 
[info] Your public directory is the folder (relative to your project directory) that
[info] will contain Hosting assets to be uploaded with firebase deploy. If you
[info] have a build process for your assets, use your build's output directory.
[info] 
